#
# There is insufficient memory for the Java Runtime Environment to continue.
# Native memory allocation (malloc) failed to allocate 1796496 bytes. Error detail: Chunk::new
# Possible reasons:
#   The system is out of physical RAM or swap space
#   This process is running with CompressedOops enabled, and the Java Heap may be blocking the growth of the native heap
# Possible solutions:
#   Reduce memory load on the system
#   Increase physical memory or swap space
#   Check if swap backing store is full
#   Decrease Java heap size (-Xmx/-Xms)
#   Decrease number of Java threads
#   Decrease Java thread stack sizes (-Xss)
#   Set larger code cache with -XX:ReservedCodeCacheSize=
#   JVM is running with Unscaled Compressed Oops mode in which the Java heap is
#     placed in the first 4GB address space. The Java Heap base address is the
#     maximum limit for the native heap growth. Please use -XX:HeapBaseMinAddress
#     to set the Java Heap base and to place the Java Heap above 4GB virtual address.
# This output file may be truncated or incomplete.
#
#  Out of Memory Error (arena.cpp:168), pid=18724, tid=22696
#
# JRE version: OpenJDK Runtime Environment Temurin-21.0.8+9 (21.0.8+9) (build 21.0.8+9-LTS)
# Java VM: OpenJDK 64-Bit Server VM Temurin-21.0.8+9 (21.0.8+9-LTS, mixed mode, sharing, tiered, compressed oops, compressed class ptrs, parallel gc, windows-amd64)
# No core dump will be written. Minidumps are not enabled by default on client versions of Windows
#

---------------  S U M M A R Y ------------

Command Line: --add-modules=ALL-SYSTEM --add-opens=java.base/java.util=ALL-UNNAMED --add-opens=java.base/java.lang=ALL-UNNAMED --add-opens=java.base/sun.nio.fs=ALL-UNNAMED -Declipse.application=org.eclipse.jdt.ls.core.id1 -Dosgi.bundles.defaultStartLevel=4 -Declipse.product=org.eclipse.jdt.ls.core.product -Djava.import.generatesMetadataFilesAtProjectRoot=false -DDetectVMInstallationsJob.disabled=true -Dfile.encoding=utf8 -XX:+UseParallelGC -XX:GCTimeRatio=4 -XX:AdaptiveSizePolicyWeight=90 -Dsun.zip.disableMemoryMapping=true -Xmx2G -Xms100m -Xlog:disable -javaagent:c:\Users\nguye\.vscode\extensions\redhat.java-1.44.0-win32-x64\lombok\lombok-1.18.39-4050.jar -XX:+HeapDumpOnOutOfMemoryError -XX:HeapDumpPath=c:\Users\nguye\AppData\Roaming\Code\User\workspaceStorage\11073d66466687c22ff5678aa78e78cc\redhat.java -Daether.dependencyCollector.impl=bf c:\Users\nguye\.vscode\extensions\redhat.java-1.44.0-win32-x64\server\plugins\org.eclipse.equinox.launcher_1.7.0.v20250519-0528.jar -configuration c:\Users\nguye\AppData\Roaming\Code\User\globalStorage\redhat.java\1.44.0\config_win -data c:\Users\nguye\AppData\Roaming\Code\User\workspaceStorage\11073d66466687c22ff5678aa78e78cc\redhat.java\jdt_ws --pipe=\\.\pipe\lsp-73b5faa04d8124ee27d9531646a4700f-sock

Host: AMD Ryzen 5 5500U with Radeon Graphics         , 12 cores, 7G,  Windows 11 , 64 bit Build 26100 (10.0.26100.3037)
Time: Wed Aug 27 21:08:12 2025 SE Asia Standard Time elapsed time: 36.950237 seconds (0d 0h 0m 36s)

---------------  T H R E A D  ---------------

Current thread (0x00000265adb5fe40):  JavaThread "C2 CompilerThread0" daemon [_thread_in_native, id=22696, stack(0x000000710d300000,0x000000710d400000) (1024K)]


Current CompileTask:
C2:36951 6319   !   4       org.eclipse.osgi.internal.loader.classpath.ClasspathManager::defineClass (636 bytes)

Stack: [0x000000710d300000,0x000000710d400000]
Native frames: (J=compiled Java code, j=interpreted, Vv=VM code, C=native code)
V  [jvm.dll+0x6d2449]
V  [jvm.dll+0x8ae341]
V  [jvm.dll+0x8b08be]
V  [jvm.dll+0x8b0fa3]
V  [jvm.dll+0x280c96]
V  [jvm.dll+0xc581d]
V  [jvm.dll+0xc5d53]
V  [jvm.dll+0x3b9162]
V  [jvm.dll+0x385315]
V  [jvm.dll+0x38477a]
V  [jvm.dll+0x248ed0]
V  [jvm.dll+0x2484af]
V  [jvm.dll+0x1c89ee]
V  [jvm.dll+0x257d4d]
V  [jvm.dll+0x2562ea]
V  [jvm.dll+0x3f2d16]
V  [jvm.dll+0x857e6b]
V  [jvm.dll+0x6d0b0d]
C  [ucrtbase.dll+0x37b0]
C  [KERNEL32.DLL+0x2e8d7]
C  [ntdll.dll+0xbbf2c]


---------------  P R O C E S S  ---------------

Threads class SMR info:
_java_thread_list=0x000002660c8f1cd0, length=42, elements={
0x00000265adaaf930, 0x00000265ada5e930, 0x00000265adb55db0, 0x00000265adb56d90,
0x00000265adb58f40, 0x00000265adb59cc0, 0x00000265adb5c850, 0x00000265adb5fe40,
0x00000266068ca030, 0x000002660699f690, 0x0000026606c112a0, 0x000002660c7a4530,
0x000002660c8f80d0, 0x000002660c30e240, 0x000002660c7805c0, 0x000002660cc8fdd0,
0x000002660cdf25f0, 0x000002660ca57340, 0x000002660ca579d0, 0x000002660ca55f90,
0x000002660ca586f0, 0x000002660ca58d80, 0x000002660ca55900, 0x000002660ca58060,
0x000002660f328fb0, 0x000002660f326850, 0x000002660f326ee0, 0x000002660f328290,
0x000002660f327570, 0x000002660f327c00, 0x000002660f328920, 0x000002660f329640,
0x000002660f32b080, 0x000002660f32c430, 0x000002660f32a9f0, 0x000002660f3261c0,
0x000002660f32cac0, 0x000002660f32a360, 0x000002660f329cd0, 0x000002660f32d150,
0x000002660f32b710, 0x000002660f32bda0
}

Java Threads: ( => current thread )
  0x00000265adaaf930 JavaThread "main"                              [_thread_blocked, id=7484, stack(0x000000710c900000,0x000000710ca00000) (1024K)]
  0x00000265ada5e930 JavaThread "Reference Handler"          daemon [_thread_blocked, id=12008, stack(0x000000710cd00000,0x000000710ce00000) (1024K)]
  0x00000265adb55db0 JavaThread "Finalizer"                  daemon [_thread_blocked, id=23536, stack(0x000000710ce00000,0x000000710cf00000) (1024K)]
  0x00000265adb56d90 JavaThread "Signal Dispatcher"          daemon [_thread_blocked, id=6340, stack(0x000000710cf00000,0x000000710d000000) (1024K)]
  0x00000265adb58f40 JavaThread "Attach Listener"            daemon [_thread_blocked, id=27896, stack(0x000000710d000000,0x000000710d100000) (1024K)]
  0x00000265adb59cc0 JavaThread "Service Thread"             daemon [_thread_blocked, id=9428, stack(0x000000710d100000,0x000000710d200000) (1024K)]
  0x00000265adb5c850 JavaThread "Monitor Deflation Thread"   daemon [_thread_blocked, id=4244, stack(0x000000710d200000,0x000000710d300000) (1024K)]
=>0x00000265adb5fe40 JavaThread "C2 CompilerThread0"         daemon [_thread_in_native, id=22696, stack(0x000000710d300000,0x000000710d400000) (1024K)]
  0x00000266068ca030 JavaThread "C1 CompilerThread0"         daemon [_thread_blocked, id=10824, stack(0x000000710d400000,0x000000710d500000) (1024K)]
  0x000002660699f690 JavaThread "Common-Cleaner"             daemon [_thread_blocked, id=3052, stack(0x000000710d500000,0x000000710d600000) (1024K)]
  0x0000026606c112a0 JavaThread "Notification Thread"        daemon [_thread_blocked, id=9600, stack(0x000000710d600000,0x000000710d700000) (1024K)]
  0x000002660c7a4530 JavaThread "Active Thread: Equinox Container: 7c36f6fe-0b15-4435-9808-cd80c189e5fe"        [_thread_in_native, id=10304, stack(0x000000710dd00000,0x000000710de00000) (1024K)]
  0x000002660c8f80d0 JavaThread "Refresh Thread: Equinox Container: 7c36f6fe-0b15-4435-9808-cd80c189e5fe" daemon [_thread_blocked, id=21184, stack(0x000000710e000000,0x000000710e100000) (1024K)]
  0x000002660c30e240 JavaThread "Framework Event Dispatcher: Equinox Container: 7c36f6fe-0b15-4435-9808-cd80c189e5fe" daemon [_thread_blocked, id=3528, stack(0x000000710e100000,0x000000710e200000) (1024K)]
  0x000002660c7805c0 JavaThread "Start Level: Equinox Container: 7c36f6fe-0b15-4435-9808-cd80c189e5fe" daemon [_thread_blocked, id=12224, stack(0x000000710e200000,0x000000710e300000) (1024K)]
  0x000002660cc8fdd0 JavaThread "Bundle File Closer"         daemon [_thread_blocked, id=14252, stack(0x000000710e500000,0x000000710e600000) (1024K)]
  0x000002660cdf25f0 JavaThread "SCR Component Actor"        daemon [_thread_blocked, id=27812, stack(0x000000710e600000,0x000000710e700000) (1024K)]
  0x000002660ca57340 JavaThread "Worker-JM"                         [_thread_blocked, id=24064, stack(0x000000710de00000,0x000000710df00000) (1024K)]
  0x000002660ca579d0 JavaThread "Worker-0"                          [_thread_blocked, id=20912, stack(0x000000710e800000,0x000000710e900000) (1024K)]
  0x000002660ca55f90 JavaThread "Worker-1"                          [_thread_blocked, id=16216, stack(0x000000710e900000,0x000000710ea00000) (1024K)]
  0x000002660ca586f0 JavaThread "Worker-2"                          [_thread_blocked, id=14888, stack(0x000000710ea00000,0x000000710eb00000) (1024K)]
  0x000002660ca58d80 JavaThread "Java indexing"              daemon [_thread_blocked, id=3604, stack(0x000000710eb00000,0x000000710ec00000) (1024K)]
  0x000002660ca55900 JavaThread "Worker-3"                          [_thread_blocked, id=4652, stack(0x000000710ec00000,0x000000710ed00000) (1024K)]
  0x000002660ca58060 JavaThread "JNA Cleaner"                daemon [_thread_blocked, id=21740, stack(0x000000710ed00000,0x000000710ee00000) (1024K)]
  0x000002660f328fb0 JavaThread "Worker-4: Initialize workspace"        [_thread_blocked, id=9508, stack(0x000000710f000000,0x000000710f100000) (1024K)]
  0x000002660f326850 JavaThread "Thread-2"                   daemon [_thread_in_native, id=28016, stack(0x000000710f100000,0x000000710f200000) (1024K)]
  0x000002660f326ee0 JavaThread "Thread-3"                   daemon [_thread_in_native, id=10324, stack(0x000000710f200000,0x000000710f300000) (1024K)]
  0x000002660f328290 JavaThread "Thread-4"                   daemon [_thread_in_native, id=12760, stack(0x000000710f300000,0x000000710f400000) (1024K)]
  0x000002660f327570 JavaThread "Thread-5"                   daemon [_thread_in_native, id=20696, stack(0x000000710f400000,0x000000710f500000) (1024K)]
  0x000002660f327c00 JavaThread "Thread-6"                   daemon [_thread_in_native, id=22016, stack(0x000000710f500000,0x000000710f600000) (1024K)]
  0x000002660f328920 JavaThread "Thread-7"                   daemon [_thread_in_native, id=6820, stack(0x000000710f600000,0x000000710f700000) (1024K)]
  0x000002660f329640 JavaThread "Thread-8"                   daemon [_thread_in_native, id=2272, stack(0x000000710f700000,0x000000710f800000) (1024K)]
  0x000002660f32b080 JavaThread "Thread-9"                   daemon [_thread_in_native, id=2880, stack(0x000000710f800000,0x000000710f900000) (1024K)]
  0x000002660f32c430 JavaThread "Thread-10"                  daemon [_thread_in_native, id=2456, stack(0x000000710f900000,0x000000710fa00000) (1024K)]
  0x000002660f32a9f0 JavaThread "Thread-11"                  daemon [_thread_in_native, id=1472, stack(0x000000710fa00000,0x000000710fb00000) (1024K)]
  0x000002660f3261c0 JavaThread "Thread-12"                  daemon [_thread_in_native, id=27112, stack(0x000000710fb00000,0x000000710fc00000) (1024K)]
  0x000002660f32cac0 JavaThread "Thread-13"                  daemon [_thread_in_native, id=15520, stack(0x000000710fc00000,0x000000710fd00000) (1024K)]
  0x000002660f32a360 JavaThread "Thread-14"                  daemon [_thread_in_native, id=22664, stack(0x000000710fd00000,0x000000710fe00000) (1024K)]
  0x000002660f329cd0 JavaThread "Worker-5"                          [_thread_blocked, id=11480, stack(0x000000710fe00000,0x000000710ff00000) (1024K)]
  0x000002660f32d150 JavaThread "pool-2-thread-1"                   [_thread_blocked, id=21404, stack(0x000000710ff00000,0x0000007110000000) (1024K)]
  0x000002660f32b710 JavaThread "WorkspaceEventsHandler"            [_thread_blocked, id=26244, stack(0x0000007110000000,0x0000007110100000) (1024K)]
  0x000002660f32bda0 JavaThread "pool-1-thread-1"                   [_thread_in_native, id=20768, stack(0x0000007110100000,0x0000007110200000) (1024K)]
Total: 42

Other Threads:
  0x00000266068a0090 VMThread "VM Thread"                           [id=19152, stack(0x000000710cc00000,0x000000710cd00000) (1024K)]
  0x00000265ad93ca00 WatcherThread "VM Periodic Task Thread"        [id=28596, stack(0x000000710cb00000,0x000000710cc00000) (1024K)]
  0x00000265adacd960 WorkerThread "GC Thread#0"                     [id=2928, stack(0x000000710ca00000,0x000000710cb00000) (1024K)]
  0x000002660c252c60 WorkerThread "GC Thread#1"                     [id=10340, stack(0x000000710d700000,0x000000710d800000) (1024K)]
  0x0000026606c6ba20 WorkerThread "GC Thread#2"                     [id=13648, stack(0x000000710d800000,0x000000710d900000) (1024K)]
  0x0000026606c6bdc0 WorkerThread "GC Thread#3"                     [id=26204, stack(0x000000710d900000,0x000000710da00000) (1024K)]
  0x000002660c470730 WorkerThread "GC Thread#4"                     [id=1432, stack(0x000000710da00000,0x000000710db00000) (1024K)]
  0x000002660c470ad0 WorkerThread "GC Thread#5"                     [id=21056, stack(0x000000710db00000,0x000000710dc00000) (1024K)]
  0x0000026606c701d0 WorkerThread "GC Thread#6"                     [id=23052, stack(0x000000710dc00000,0x000000710dd00000) (1024K)]
  0x000002660c8eaea0 WorkerThread "GC Thread#7"                     [id=23900, stack(0x000000710df00000,0x000000710e000000) (1024K)]
  0x000002660c824770 WorkerThread "GC Thread#8"                     [id=28276, stack(0x000000710e300000,0x000000710e400000) (1024K)]
  0x000002660c824030 WorkerThread "GC Thread#9"                     [id=26636, stack(0x000000710e400000,0x000000710e500000) (1024K)]
Total: 12

Threads with active compile tasks:
C2 CompilerThread0  37557 6319   !   4       org.eclipse.osgi.internal.loader.classpath.ClasspathManager::defineClass (636 bytes)
Total: 1

VM state: not at safepoint (normal execution)

VM Mutex/Monitor currently owned by a thread: None

Heap address: 0x0000000080000000, size: 2048 MB, Compressed Oops mode: 32-bit

CDS archive(s) mapped at: [0x00000265c5000000-0x00000265c5ba0000-0x00000265c5ba0000), size 12189696, SharedBaseAddress: 0x00000265c5000000, ArchiveRelocationMode: 1.
Compressed class space mapped at: 0x00000265c6000000-0x0000026606000000, reserved size: 1073741824
Narrow klass base: 0x00000265c5000000, Narrow klass shift: 0, Narrow klass range: 0x100000000

GC Precious Log:
 CardTable entry size: 512
 CPUs: 12 total, 12 available
 Memory: 7561M
 Large Page Support: Disabled
 NUMA Support: Disabled
 Compressed Oops: Enabled (32-bit)
 Alignments: Space 512K, Generation 512K, Heap 2M
 Heap Min Capacity: 100M
 Heap Initial Capacity: 100M
 Heap Max Capacity: 2G
 Pre-touch: Disabled
 Parallel Workers: 10

Heap:
 PSYoungGen      total 22528K, used 6104K [0x00000000d5580000, 0x00000000d6f80000, 0x0000000100000000)
  eden space 22016K, 26% used [0x00000000d5580000,0x00000000d5b3e000,0x00000000d6b00000)
  from space 512K, 43% used [0x00000000d6f00000,0x00000000d6f38000,0x00000000d6f80000)
  to   space 512K, 0% used [0x00000000d6e80000,0x00000000d6e80000,0x00000000d6f00000)
 ParOldGen       total 68608K, used 23511K [0x0000000080000000, 0x0000000084300000, 0x00000000d5580000)
  object space 68608K, 34% used [0x0000000080000000,0x00000000816f5e60,0x0000000084300000)
 Metaspace       used 45509K, committed 46656K, reserved 1114112K
  class space    used 4957K, committed 5440K, reserved 1048576K

Card table byte_map: [0x00000265ad450000,0x00000265ad860000] _byte_map_base: 0x00000265ad050000

Marking Bits: (ParMarkBitMap*) 0x00007ff88a3ba340
 Begin Bits: [0x00000265bff50000, 0x00000265c1f50000)
 End Bits:   [0x00000265c1f50000, 0x00000265c3f50000)

Polling page: 0x00000265ab920000

Metaspace:

Usage:
  Non-class:     39.60 MB used.
      Class:      4.84 MB used.
       Both:     44.44 MB used.

Virtual space:
  Non-class space:       64.00 MB reserved,      40.25 MB ( 63%) committed,  1 nodes.
      Class space:        1.00 GB reserved,       5.31 MB ( <1%) committed,  1 nodes.
             Both:        1.06 GB reserved,      45.56 MB (  4%) committed. 

Chunk freelists:
   Non-Class:  7.08 MB
       Class:  10.73 MB
        Both:  17.80 MB

MaxMetaspaceSize: unlimited
CompressedClassSpaceSize: 1.00 GB
Initial GC threshold: 21.00 MB
Current GC threshold: 58.38 MB
CDS: on
 - commit_granule_bytes: 65536.
 - commit_granule_words: 8192.
 - virtual_space_node_default_size: 8388608.
 - enlarge_chunks_in_place: 1.
 - use_allocation_guard: 0.


Internal statistics:

num_allocs_failed_limit: 6.
num_arena_births: 796.
num_arena_deaths: 24.
num_vsnodes_births: 2.
num_vsnodes_deaths: 0.
num_space_committed: 729.
num_space_uncommitted: 0.
num_chunks_returned_to_freelist: 32.
num_chunks_taken_from_freelist: 2796.
num_chunk_merges: 11.
num_chunk_splits: 1760.
num_chunks_enlarged: 1042.
num_inconsistent_stats: 0.

CodeHeap 'non-profiled nmethods': size=120000Kb used=2513Kb max_used=2513Kb free=117486Kb
 bounds [0x00000265b8770000, 0x00000265b89f0000, 0x00000265bfca0000]
CodeHeap 'profiled nmethods': size=120000Kb used=11044Kb max_used=11044Kb free=108955Kb
 bounds [0x00000265b0ca0000, 0x00000265b1770000, 0x00000265b81d0000]
CodeHeap 'non-nmethods': size=5760Kb used=1363Kb max_used=1413Kb free=4396Kb
 bounds [0x00000265b81d0000, 0x00000265b8440000, 0x00000265b8770000]
CodeCache: size=245760Kb, used=14920Kb, max_used=14970Kb, free=230837Kb
 total_blobs=6370, nmethods=5710, adapters=566, full_count=0
Compilation: enabled, stopped_count=0, restarted_count=0

Compilation events (20 events):
Event: 33.906 Thread 0x00000266068ca030 6324       3       aQute.bnd.header.OSGiHeader::parseHeader (532 bytes)
Event: 33.915 Thread 0x00000266068ca030 nmethod 6324 0x00000265b175d410 code [0x00000265b175db00, 0x00000265b1762118]
Event: 33.915 Thread 0x00000266068ca030 6327       3       com.google.gson.stream.JsonWriter::writeDeferredName (25 bytes)
Event: 33.915 Thread 0x00000266068ca030 nmethod 6327 0x00000265b1763a90 code [0x00000265b1763c40, 0x00000265b1763e20]
Event: 33.915 Thread 0x00000266068ca030 6328       3       com.google.gson.stream.JsonWriter::beforeValue (139 bytes)
Event: 33.947 Thread 0x00000266068ca030 nmethod 6328 0x00000265b1763f10 code [0x00000265b17641a0, 0x00000265b1764b38]
Event: 33.947 Thread 0x00000266068ca030 6331       3       com.google.gson.stream.JsonWriter::newline (55 bytes)
Event: 33.948 Thread 0x00000266068ca030 nmethod 6331 0x00000265b1764e90 code [0x00000265b1765080, 0x00000265b17654b8]
Event: 33.948 Thread 0x00000266068ca030 6329       3       java.io.StringWriter::append (6 bytes)
Event: 33.950 Thread 0x00000266068ca030 nmethod 6329 0x00000265b1765690 code [0x00000265b1765880, 0x00000265b1765da8]
Event: 33.950 Thread 0x00000266068ca030 6330       3       java.io.StringWriter::append (10 bytes)
Event: 33.951 Thread 0x00000266068ca030 nmethod 6330 0x00000265b1765f90 code [0x00000265b1766180, 0x00000265b1766630]
Event: 34.005 Thread 0x00000266068ca030 6332       3       com.google.gson.stream.JsonWriter::name (56 bytes)
Event: 34.006 Thread 0x00000266068ca030 nmethod 6332 0x00000265b1766810 code [0x00000265b1766a40, 0x00000265b17670a8]
Event: 34.007 Thread 0x00000266068ca030 6334       3       java.lang.ThreadLocal::remove (8 bytes)
Event: 34.008 Thread 0x00000266068ca030 nmethod 6334 0x00000265b1767390 code [0x00000265b1767560, 0x00000265b1767828]
Event: 34.008 Thread 0x00000266068ca030 6336       3       java.lang.ThreadLocal$ThreadLocalMap::expungeStaleEntry (146 bytes)
Event: 34.009 Thread 0x00000266068ca030 nmethod 6336 0x00000265b1767990 code [0x00000265b1767bc0, 0x00000265b1768800]
Event: 34.009 Thread 0x00000266068ca030 6335       3       java.lang.ThreadLocal::remove (16 bytes)
Event: 34.009 Thread 0x00000266068ca030 nmethod 6335 0x00000265b1768b90 code [0x00000265b1768d60, 0x00000265b1768fb0]

GC Heap History (20 events):
Event: 10.102 GC heap before
{Heap before GC invocations=13 (full 1):
 PSYoungGen      total 24064K, used 23596K [0x00000000d5580000, 0x00000000d7300000, 0x0000000100000000)
  eden space 22528K, 100% used [0x00000000d5580000,0x00000000d6b80000,0x00000000d6b80000)
  from space 1536K, 69% used [0x00000000d6e00000,0x00000000d6f0b0a8,0x00000000d6f80000)
  to   space 2048K, 0% used [0x00000000d7100000,0x00000000d7100000,0x00000000d7300000)
 ParOldGen       total 68608K, used 15981K [0x0000000080000000, 0x0000000084300000, 0x00000000d5580000)
  object space 68608K, 23% used [0x0000000080000000,0x0000000080f9b6e0,0x0000000084300000)
 Metaspace       used 31792K, committed 32704K, reserved 1114112K
  class space    used 3262K, committed 3648K, reserved 1048576K
}
Event: 10.105 GC heap after
{Heap after GC invocations=13 (full 1):
 PSYoungGen      total 23040K, used 864K [0x00000000d5580000, 0x00000000d7200000, 0x0000000100000000)
  eden space 22016K, 0% used [0x00000000d5580000,0x00000000d5580000,0x00000000d6b00000)
  from space 1024K, 84% used [0x00000000d7100000,0x00000000d71d8000,0x00000000d7200000)
  to   space 1536K, 0% used [0x00000000d6f00000,0x00000000d6f00000,0x00000000d7080000)
 ParOldGen       total 68608K, used 16735K [0x0000000080000000, 0x0000000084300000, 0x00000000d5580000)
  object space 68608K, 24% used [0x0000000080000000,0x0000000081057c78,0x0000000084300000)
 Metaspace       used 31792K, committed 32704K, reserved 1114112K
  class space    used 3262K, committed 3648K, reserved 1048576K
}
Event: 10.290 GC heap before
{Heap before GC invocations=14 (full 1):
 PSYoungGen      total 23040K, used 22880K [0x00000000d5580000, 0x00000000d7200000, 0x0000000100000000)
  eden space 22016K, 100% used [0x00000000d5580000,0x00000000d6b00000,0x00000000d6b00000)
  from space 1024K, 84% used [0x00000000d7100000,0x00000000d71d8000,0x00000000d7200000)
  to   space 1536K, 0% used [0x00000000d6f00000,0x00000000d6f00000,0x00000000d7080000)
 ParOldGen       total 68608K, used 16735K [0x0000000080000000, 0x0000000084300000, 0x00000000d5580000)
  object space 68608K, 24% used [0x0000000080000000,0x0000000081057c78,0x0000000084300000)
 Metaspace       used 34112K, committed 35136K, reserved 1114112K
  class space    used 3533K, committed 3968K, reserved 1048576K
}
Event: 10.293 GC heap after
{Heap after GC invocations=14 (full 1):
 PSYoungGen      total 23552K, used 1530K [0x00000000d5580000, 0x00000000d7180000, 0x0000000100000000)
  eden space 22016K, 0% used [0x00000000d5580000,0x00000000d5580000,0x00000000d6b00000)
  from space 1536K, 99% used [0x00000000d6f00000,0x00000000d707e8c8,0x00000000d7080000)
  to   space 1024K, 0% used [0x00000000d7080000,0x00000000d7080000,0x00000000d7180000)
 ParOldGen       total 68608K, used 17770K [0x0000000080000000, 0x0000000084300000, 0x00000000d5580000)
  object space 68608K, 25% used [0x0000000080000000,0x000000008115aa00,0x0000000084300000)
 Metaspace       used 34112K, committed 35136K, reserved 1114112K
  class space    used 3533K, committed 3968K, reserved 1048576K
}
Event: 10.347 GC heap before
{Heap before GC invocations=15 (full 1):
 PSYoungGen      total 23552K, used 7280K [0x00000000d5580000, 0x00000000d7180000, 0x0000000100000000)
  eden space 22016K, 26% used [0x00000000d5580000,0x00000000d5b1da20,0x00000000d6b00000)
  from space 1536K, 99% used [0x00000000d6f00000,0x00000000d707e8c8,0x00000000d7080000)
  to   space 1024K, 0% used [0x00000000d7080000,0x00000000d7080000,0x00000000d7180000)
 ParOldGen       total 68608K, used 17770K [0x0000000080000000, 0x0000000084300000, 0x00000000d5580000)
  object space 68608K, 25% used [0x0000000080000000,0x000000008115aa00,0x0000000084300000)
 Metaspace       used 34799K, committed 35840K, reserved 1114112K
  class space    used 3622K, committed 4096K, reserved 1048576K
}
Event: 10.348 GC heap after
{Heap after GC invocations=15 (full 1):
 PSYoungGen      total 22528K, used 384K [0x00000000d5580000, 0x00000000d7100000, 0x0000000100000000)
  eden space 22016K, 0% used [0x00000000d5580000,0x00000000d5580000,0x00000000d6b00000)
  from space 512K, 75% used [0x00000000d7080000,0x00000000d70e0000,0x00000000d7100000)
  to   space 1536K, 0% used [0x00000000d6e00000,0x00000000d6e00000,0x00000000d6f80000)
 ParOldGen       total 68608K, used 19223K [0x0000000080000000, 0x0000000084300000, 0x00000000d5580000)
  object space 68608K, 28% used [0x0000000080000000,0x00000000812c5c98,0x0000000084300000)
 Metaspace       used 34799K, committed 35840K, reserved 1114112K
  class space    used 3622K, committed 4096K, reserved 1048576K
}
Event: 10.348 GC heap before
{Heap before GC invocations=16 (full 2):
 PSYoungGen      total 22528K, used 384K [0x00000000d5580000, 0x00000000d7100000, 0x0000000100000000)
  eden space 22016K, 0% used [0x00000000d5580000,0x00000000d5580000,0x00000000d6b00000)
  from space 512K, 75% used [0x00000000d7080000,0x00000000d70e0000,0x00000000d7100000)
  to   space 1536K, 0% used [0x00000000d6e00000,0x00000000d6e00000,0x00000000d6f80000)
 ParOldGen       total 68608K, used 19223K [0x0000000080000000, 0x0000000084300000, 0x00000000d5580000)
  object space 68608K, 28% used [0x0000000080000000,0x00000000812c5c98,0x0000000084300000)
 Metaspace       used 34799K, committed 35840K, reserved 1114112K
  class space    used 3622K, committed 4096K, reserved 1048576K
}
Event: 10.403 GC heap after
{Heap after GC invocations=16 (full 2):
 PSYoungGen      total 22528K, used 0K [0x00000000d5580000, 0x00000000d7100000, 0x0000000100000000)
  eden space 22016K, 0% used [0x00000000d5580000,0x00000000d5580000,0x00000000d6b00000)
  from space 512K, 0% used [0x00000000d7080000,0x00000000d7080000,0x00000000d7100000)
  to   space 1536K, 0% used [0x00000000d6e00000,0x00000000d6e00000,0x00000000d6f80000)
 ParOldGen       total 68608K, used 18144K [0x0000000080000000, 0x0000000084300000, 0x00000000d5580000)
  object space 68608K, 26% used [0x0000000080000000,0x00000000811b80e0,0x0000000084300000)
 Metaspace       used 34791K, committed 35840K, reserved 1114112K
  class space    used 3619K, committed 4096K, reserved 1048576K
}
Event: 10.630 GC heap before
{Heap before GC invocations=17 (full 2):
 PSYoungGen      total 22528K, used 22016K [0x00000000d5580000, 0x00000000d7100000, 0x0000000100000000)
  eden space 22016K, 100% used [0x00000000d5580000,0x00000000d6b00000,0x00000000d6b00000)
  from space 512K, 0% used [0x00000000d7080000,0x00000000d7080000,0x00000000d7100000)
  to   space 1536K, 0% used [0x00000000d6e00000,0x00000000d6e00000,0x00000000d6f80000)
 ParOldGen       total 68608K, used 18144K [0x0000000080000000, 0x0000000084300000, 0x00000000d5580000)
  object space 68608K, 26% used [0x0000000080000000,0x00000000811b80e0,0x0000000084300000)
 Metaspace       used 37036K, committed 38080K, reserved 1114112K
  class space    used 3936K, committed 4416K, reserved 1048576K
}
Event: 10.632 GC heap after
{Heap after GC invocations=17 (full 2):
 PSYoungGen      total 23552K, used 1536K [0x00000000d5580000, 0x00000000d7100000, 0x0000000100000000)
  eden space 22016K, 0% used [0x00000000d5580000,0x00000000d5580000,0x00000000d6b00000)
  from space 1536K, 100% used [0x00000000d6e00000,0x00000000d6f80000,0x00000000d6f80000)
  to   space 1536K, 0% used [0x00000000d6f80000,0x00000000d6f80000,0x00000000d7100000)
 ParOldGen       total 68608K, used 18408K [0x0000000080000000, 0x0000000084300000, 0x00000000d5580000)
  object space 68608K, 26% used [0x0000000080000000,0x00000000811fa0e0,0x0000000084300000)
 Metaspace       used 37036K, committed 38080K, reserved 1114112K
  class space    used 3936K, committed 4416K, reserved 1048576K
}
Event: 11.213 GC heap before
{Heap before GC invocations=18 (full 2):
 PSYoungGen      total 23552K, used 23552K [0x00000000d5580000, 0x00000000d7100000, 0x0000000100000000)
  eden space 22016K, 100% used [0x00000000d5580000,0x00000000d6b00000,0x00000000d6b00000)
  from space 1536K, 100% used [0x00000000d6e00000,0x00000000d6f80000,0x00000000d6f80000)
  to   space 1536K, 0% used [0x00000000d6f80000,0x00000000d6f80000,0x00000000d7100000)
 ParOldGen       total 68608K, used 18408K [0x0000000080000000, 0x0000000084300000, 0x00000000d5580000)
  object space 68608K, 26% used [0x0000000080000000,0x00000000811fa0e0,0x0000000084300000)
 Metaspace       used 39639K, committed 40704K, reserved 1114112K
  class space    used 4261K, committed 4736K, reserved 1048576K
}
Event: 11.216 GC heap after
{Heap after GC invocations=18 (full 2):
 PSYoungGen      total 23552K, used 1248K [0x00000000d5580000, 0x00000000d7100000, 0x0000000100000000)
  eden space 22016K, 0% used [0x00000000d5580000,0x00000000d5580000,0x00000000d6b00000)
  from space 1536K, 81% used [0x00000000d6f80000,0x00000000d70b8000,0x00000000d7100000)
  to   space 1536K, 0% used [0x00000000d6e00000,0x00000000d6e00000,0x00000000d6f80000)
 ParOldGen       total 68608K, used 19928K [0x0000000080000000, 0x0000000084300000, 0x00000000d5580000)
  object space 68608K, 29% used [0x0000000080000000,0x00000000813760f0,0x0000000084300000)
 Metaspace       used 39639K, committed 40704K, reserved 1114112K
  class space    used 4261K, committed 4736K, reserved 1048576K
}
Event: 12.267 GC heap before
{Heap before GC invocations=19 (full 2):
 PSYoungGen      total 23552K, used 23264K [0x00000000d5580000, 0x00000000d7100000, 0x0000000100000000)
  eden space 22016K, 100% used [0x00000000d5580000,0x00000000d6b00000,0x00000000d6b00000)
  from space 1536K, 81% used [0x00000000d6f80000,0x00000000d70b8000,0x00000000d7100000)
  to   space 1536K, 0% used [0x00000000d6e00000,0x00000000d6e00000,0x00000000d6f80000)
 ParOldGen       total 68608K, used 19928K [0x0000000080000000, 0x0000000084300000, 0x00000000d5580000)
  object space 68608K, 29% used [0x0000000080000000,0x00000000813760f0,0x0000000084300000)
 Metaspace       used 42225K, committed 43328K, reserved 1114112K
  class space    used 4595K, committed 5056K, reserved 1048576K
}
Event: 12.270 GC heap after
{Heap after GC invocations=19 (full 2):
 PSYoungGen      total 23552K, used 1536K [0x00000000d5580000, 0x00000000d7000000, 0x0000000100000000)
  eden space 22016K, 0% used [0x00000000d5580000,0x00000000d5580000,0x00000000d6b00000)
  from space 1536K, 100% used [0x00000000d6e00000,0x00000000d6f80000,0x00000000d6f80000)
  to   space 512K, 0% used [0x00000000d6f80000,0x00000000d6f80000,0x00000000d7000000)
 ParOldGen       total 68608K, used 21043K [0x0000000080000000, 0x0000000084300000, 0x00000000d5580000)
  object space 68608K, 30% used [0x0000000080000000,0x000000008148ce00,0x0000000084300000)
 Metaspace       used 42225K, committed 43328K, reserved 1114112K
  class space    used 4595K, committed 5056K, reserved 1048576K
}
Event: 16.028 GC heap before
{Heap before GC invocations=20 (full 2):
 PSYoungGen      total 23552K, used 23552K [0x00000000d5580000, 0x00000000d7000000, 0x0000000100000000)
  eden space 22016K, 100% used [0x00000000d5580000,0x00000000d6b00000,0x00000000d6b00000)
  from space 1536K, 100% used [0x00000000d6e00000,0x00000000d6f80000,0x00000000d6f80000)
  to   space 512K, 0% used [0x00000000d6f80000,0x00000000d6f80000,0x00000000d7000000)
 ParOldGen       total 68608K, used 21043K [0x0000000080000000, 0x0000000084300000, 0x00000000d5580000)
  object space 68608K, 30% used [0x0000000080000000,0x000000008148ce00,0x0000000084300000)
 Metaspace       used 44910K, committed 46016K, reserved 1114112K
  class space    used 4898K, committed 5376K, reserved 1048576K
}
Event: 16.032 GC heap after
{Heap after GC invocations=20 (full 2):
 PSYoungGen      total 22528K, used 512K [0x00000000d5580000, 0x00000000d7000000, 0x0000000100000000)
  eden space 22016K, 0% used [0x00000000d5580000,0x00000000d5580000,0x00000000d6b00000)
  from space 512K, 100% used [0x00000000d6f80000,0x00000000d7000000,0x00000000d7000000)
  to   space 2560K, 0% used [0x00000000d6b00000,0x00000000d6b00000,0x00000000d6d80000)
 ParOldGen       total 68608K, used 22920K [0x0000000080000000, 0x0000000084300000, 0x00000000d5580000)
  object space 68608K, 33% used [0x0000000080000000,0x0000000081662030,0x0000000084300000)
 Metaspace       used 44910K, committed 46016K, reserved 1114112K
  class space    used 4898K, committed 5376K, reserved 1048576K
}
Event: 22.295 GC heap before
{Heap before GC invocations=21 (full 2):
 PSYoungGen      total 22528K, used 22528K [0x00000000d5580000, 0x00000000d7000000, 0x0000000100000000)
  eden space 22016K, 100% used [0x00000000d5580000,0x00000000d6b00000,0x00000000d6b00000)
  from space 512K, 100% used [0x00000000d6f80000,0x00000000d7000000,0x00000000d7000000)
  to   space 2560K, 0% used [0x00000000d6b00000,0x00000000d6b00000,0x00000000d6d80000)
 ParOldGen       total 68608K, used 22920K [0x0000000080000000, 0x0000000084300000, 0x00000000d5580000)
  object space 68608K, 33% used [0x0000000080000000,0x0000000081662030,0x0000000084300000)
 Metaspace       used 44964K, committed 46144K, reserved 1114112K
  class space    used 4898K, committed 5376K, reserved 1048576K
}
Event: 22.330 GC heap after
{Heap after GC invocations=21 (full 2):
 PSYoungGen      total 24576K, used 192K [0x00000000d5580000, 0x00000000d7000000, 0x0000000100000000)
  eden space 22016K, 0% used [0x00000000d5580000,0x00000000d5580000,0x00000000d6b00000)
  from space 2560K, 7% used [0x00000000d6b00000,0x00000000d6b30000,0x00000000d6d80000)
  to   space 1024K, 0% used [0x00000000d6f00000,0x00000000d6f00000,0x00000000d7000000)
 ParOldGen       total 68608K, used 23471K [0x0000000080000000, 0x0000000084300000, 0x00000000d5580000)
  object space 68608K, 34% used [0x0000000080000000,0x00000000816ebe60,0x0000000084300000)
 Metaspace       used 44964K, committed 46144K, reserved 1114112K
  class space    used 4898K, committed 5376K, reserved 1048576K
}
Event: 32.208 GC heap before
{Heap before GC invocations=22 (full 2):
 PSYoungGen      total 24576K, used 22208K [0x00000000d5580000, 0x00000000d7000000, 0x0000000100000000)
  eden space 22016K, 100% used [0x00000000d5580000,0x00000000d6b00000,0x00000000d6b00000)
  from space 2560K, 7% used [0x00000000d6b00000,0x00000000d6b30000,0x00000000d6d80000)
  to   space 1024K, 0% used [0x00000000d6f00000,0x00000000d6f00000,0x00000000d7000000)
 ParOldGen       total 68608K, used 23471K [0x0000000080000000, 0x0000000084300000, 0x00000000d5580000)
  object space 68608K, 34% used [0x0000000080000000,0x00000000816ebe60,0x0000000084300000)
 Metaspace       used 44994K, committed 46144K, reserved 1114112K
  class space    used 4900K, committed 5376K, reserved 1048576K
}
Event: 32.220 GC heap after
{Heap after GC invocations=22 (full 2):
 PSYoungGen      total 22528K, used 224K [0x00000000d5580000, 0x00000000d6f80000, 0x0000000100000000)
  eden space 22016K, 0% used [0x00000000d5580000,0x00000000d5580000,0x00000000d6b00000)
  from space 512K, 43% used [0x00000000d6f00000,0x00000000d6f38000,0x00000000d6f80000)
  to   space 512K, 0% used [0x00000000d6e80000,0x00000000d6e80000,0x00000000d6f00000)
 ParOldGen       total 68608K, used 23511K [0x0000000080000000, 0x0000000084300000, 0x00000000d5580000)
  object space 68608K, 34% used [0x0000000080000000,0x00000000816f5e60,0x0000000084300000)
 Metaspace       used 44994K, committed 46144K, reserved 1114112K
  class space    used 4900K, committed 5376K, reserved 1048576K
}

Dll operation events (10 events):
Event: 0.026 Loaded shared library c:\Users\nguye\.vscode\extensions\redhat.java-1.44.0-win32-x64\jre\21.0.8-win32-x86_64\bin\java.dll
Event: 0.155 Loaded shared library c:\Users\nguye\.vscode\extensions\redhat.java-1.44.0-win32-x64\jre\21.0.8-win32-x86_64\bin\zip.dll
Event: 0.189 Loaded shared library C:\Users\nguye\.vscode\extensions\redhat.java-1.44.0-win32-x64\jre\21.0.8-win32-x86_64\bin\instrument.dll
Event: 0.200 Loaded shared library C:\Users\nguye\.vscode\extensions\redhat.java-1.44.0-win32-x64\jre\21.0.8-win32-x86_64\bin\net.dll
Event: 0.204 Loaded shared library C:\Users\nguye\.vscode\extensions\redhat.java-1.44.0-win32-x64\jre\21.0.8-win32-x86_64\bin\nio.dll
Event: 0.211 Loaded shared library C:\Users\nguye\.vscode\extensions\redhat.java-1.44.0-win32-x64\jre\21.0.8-win32-x86_64\bin\zip.dll
Event: 0.241 Loaded shared library C:\Users\nguye\.vscode\extensions\redhat.java-1.44.0-win32-x64\jre\21.0.8-win32-x86_64\bin\jimage.dll
Event: 0.415 Loaded shared library c:\Users\nguye\.vscode\extensions\redhat.java-1.44.0-win32-x64\jre\21.0.8-win32-x86_64\bin\verify.dll
Event: 4.480 Loaded shared library C:\Users\nguye\AppData\Roaming\Code\User\globalStorage\redhat.java\1.44.0\config_win\org.eclipse.equinox.launcher\org.eclipse.equinox.launcher.win32.win32.x86_64_1.2.1400.v20250730-1736\eclipse_11913.dll
Event: 10.013 Loaded shared library C:\Users\nguye\AppData\Local\Temp\jna-104772072\jna12069550317220001352.dll

Deoptimization events (20 events):
Event: 32.194 Thread 0x000002660f32bda0 Uncommon trap: trap_request=0xffffffcc fr.pc=0x00000265b89df880 relative=0x0000000000000140
Event: 32.195 Thread 0x000002660f32bda0 Uncommon trap: reason=intrinsic_or_type_checked_inlining action=make_not_entrant pc=0x00000265b89df880 method=java.util.ArrayList.toArray([Ljava/lang/Object;)[Ljava/lang/Object; @ 36 c2
Event: 32.196 Thread 0x000002660f32bda0 DEOPT PACKING pc=0x00000265b89df880 sp=0x00000071101fe790
Event: 32.198 Thread 0x000002660f32bda0 DEOPT UNPACKING pc=0x00000265b8223aa2 sp=0x00000071101fe730 mode 2
Event: 32.530 Thread 0x000002660f329cd0 Uncommon trap: trap_request=0xffffff45 fr.pc=0x00000265b89b75d0 relative=0x0000000000000770
Event: 32.530 Thread 0x000002660f329cd0 Uncommon trap: reason=unstable_if action=reinterpret pc=0x00000265b89b75d0 method=sun.nio.fs.WindowsPathParser.nextNonSlash(Ljava/lang/String;II)I @ 2 c2
Event: 32.530 Thread 0x000002660f329cd0 DEOPT PACKING pc=0x00000265b89b75d0 sp=0x000000710fefea30
Event: 32.530 Thread 0x000002660f329cd0 DEOPT UNPACKING pc=0x00000265b8223aa2 sp=0x000000710fefe9c0 mode 2
Event: 33.014 Thread 0x000002660f32bda0 Uncommon trap: trap_request=0xffffff45 fr.pc=0x00000265b899ac40 relative=0x00000000000000a0
Event: 33.015 Thread 0x000002660f32bda0 Uncommon trap: reason=unstable_if action=reinterpret pc=0x00000265b899ac40 method=com.google.gson.stream.JsonReader.hasNext()Z @ 21 c2
Event: 33.015 Thread 0x000002660f32bda0 DEOPT PACKING pc=0x00000265b899ac40 sp=0x00000071101fe760
Event: 33.015 Thread 0x000002660f32bda0 DEOPT UNPACKING pc=0x00000265b8223aa2 sp=0x00000071101fe6f0 mode 2
Event: 33.129 Thread 0x000002660f32bda0 Uncommon trap: trap_request=0xffffff45 fr.pc=0x00000265b89c5264 relative=0x0000000000000524
Event: 33.129 Thread 0x000002660f32bda0 Uncommon trap: reason=unstable_if action=reinterpret pc=0x00000265b89c5264 method=java.util.regex.Pattern.sequence(Ljava/util/regex/Pattern$Node;)Ljava/util/regex/Pattern$Node; @ 12 c2
Event: 33.131 Thread 0x000002660f32bda0 DEOPT PACKING pc=0x00000265b89c5264 sp=0x00000071101fdf50
Event: 33.132 Thread 0x000002660f32bda0 DEOPT UNPACKING pc=0x00000265b8223aa2 sp=0x00000071101fded0 mode 2
Event: 33.132 Thread 0x000002660f32bda0 Uncommon trap: trap_request=0xffffff45 fr.pc=0x00000265b89b2f14 relative=0x0000000000000c14
Event: 33.132 Thread 0x000002660f32bda0 Uncommon trap: reason=unstable_if action=reinterpret pc=0x00000265b89b2f14 method=java.util.regex.Pattern.atom()Ljava/util/regex/Pattern$Node; @ 14 c2
Event: 33.132 Thread 0x000002660f32bda0 DEOPT PACKING pc=0x00000265b89b2f14 sp=0x00000071101fdeb0
Event: 33.132 Thread 0x000002660f32bda0 DEOPT UNPACKING pc=0x00000265b8223aa2 sp=0x00000071101fde40 mode 2

Classes loaded (20 events):
Event: 15.928 Loading class java/nio/file/Files$3
Event: 15.928 Loading class java/nio/file/Files$3 done
Event: 15.928 Loading class sun/nio/fs/Globs
Event: 15.930 Loading class sun/nio/fs/Globs done
Event: 15.931 Loading class java/util/regex/Pattern$SliceU
Event: 15.931 Loading class java/util/regex/Pattern$SliceU done
Event: 15.931 Loading class sun/nio/fs/WindowsFileSystem$2
Event: 15.932 Loading class java/nio/file/PathMatcher
Event: 15.932 Loading class java/nio/file/PathMatcher done
Event: 15.932 Loading class sun/nio/fs/WindowsFileSystem$2 done
Event: 15.934 Loading class sun/nio/fs/WindowsException
Event: 15.935 Loading class sun/nio/fs/WindowsException done
Event: 15.936 Loading class java/nio/file/FileVisitResult
Event: 15.937 Loading class java/nio/file/FileVisitResult done
Event: 32.993 Loading class java/util/Collections$SynchronizedRandomAccessList
Event: 33.137 Loading class java/util/Collections$SynchronizedList
Event: 33.149 Loading class java/util/Collections$SynchronizedList done
Event: 33.149 Loading class java/util/Collections$SynchronizedRandomAccessList done
Event: 34.010 Loading class java/util/concurrent/CompletableFuture$Signaller
Event: 34.021 Loading class java/util/concurrent/CompletableFuture$Signaller done

Classes unloaded (12 events):
Event: 8.468 Thread 0x00000266068a0090 Unloading class 0x00000265c61a7000 'java/lang/invoke/LambdaForm$MH+0x00000265c61a7000'
Event: 8.468 Thread 0x00000266068a0090 Unloading class 0x00000265c61a6c00 'java/lang/invoke/LambdaForm$MH+0x00000265c61a6c00'
Event: 8.468 Thread 0x00000266068a0090 Unloading class 0x00000265c61a6800 'java/lang/invoke/LambdaForm$MH+0x00000265c61a6800'
Event: 8.468 Thread 0x00000266068a0090 Unloading class 0x00000265c61a6400 'java/lang/invoke/LambdaForm$MH+0x00000265c61a6400'
Event: 8.468 Thread 0x00000266068a0090 Unloading class 0x00000265c61a6000 'java/lang/invoke/LambdaForm$BMH+0x00000265c61a6000'
Event: 8.468 Thread 0x00000266068a0090 Unloading class 0x00000265c61a5c00 'java/lang/invoke/LambdaForm$DMH+0x00000265c61a5c00'
Event: 8.468 Thread 0x00000266068a0090 Unloading class 0x00000265c61a4800 'java/lang/invoke/LambdaForm$DMH+0x00000265c61a4800'
Event: 10.355 Thread 0x00000266068a0090 Unloading class 0x00000265c62d2c00 'java/lang/invoke/LambdaForm$MH+0x00000265c62d2c00'
Event: 10.355 Thread 0x00000266068a0090 Unloading class 0x00000265c62d2000 'java/lang/invoke/LambdaForm$MH+0x00000265c62d2000'
Event: 10.355 Thread 0x00000266068a0090 Unloading class 0x00000265c62d1400 'java/lang/invoke/LambdaForm$MH+0x00000265c62d1400'
Event: 10.355 Thread 0x00000266068a0090 Unloading class 0x00000265c62d1000 'java/lang/invoke/LambdaForm$DMH+0x00000265c62d1000'
Event: 10.355 Thread 0x00000266068a0090 Unloading class 0x00000265c62d0400 'java/lang/invoke/LambdaForm$MH+0x00000265c62d0400'

Classes redefined (0 events):
No events

Internal exceptions (20 events):
Event: 32.407 Thread 0x000002660f329cd0 Exception <a 'sun/nio/fs/WindowsException'{0x00000000d56ca080}> (0x00000000d56ca080) 
thrown [s\src\hotspot\share\prims\jni.cpp, line 520]
Event: 32.410 Thread 0x000002660f329cd0 Exception <a 'sun/nio/fs/WindowsException'{0x00000000d56ccc90}> (0x00000000d56ccc90) 
thrown [s\src\hotspot\share\prims\jni.cpp, line 520]
Event: 32.412 Thread 0x000002660f329cd0 Exception <a 'sun/nio/fs/WindowsException'{0x00000000d56cf8e0}> (0x00000000d56cf8e0) 
thrown [s\src\hotspot\share\prims\jni.cpp, line 520]
Event: 32.415 Thread 0x000002660f329cd0 Exception <a 'sun/nio/fs/WindowsException'{0x00000000d56d2788}> (0x00000000d56d2788) 
thrown [s\src\hotspot\share\prims\jni.cpp, line 520]
Event: 32.416 Thread 0x000002660f329cd0 Exception <a 'sun/nio/fs/WindowsException'{0x00000000d56d5750}> (0x00000000d56d5750) 
thrown [s\src\hotspot\share\prims\jni.cpp, line 520]
Event: 32.417 Thread 0x000002660f329cd0 Exception <a 'sun/nio/fs/WindowsException'{0x00000000d56d8e40}> (0x00000000d56d8e40) 
thrown [s\src\hotspot\share\prims\jni.cpp, line 520]
Event: 32.419 Thread 0x000002660f329cd0 Exception <a 'sun/nio/fs/WindowsException'{0x00000000d56dc858}> (0x00000000d56dc858) 
thrown [s\src\hotspot\share\prims\jni.cpp, line 520]
Event: 32.419 Thread 0x000002660f329cd0 Exception <a 'sun/nio/fs/WindowsException'{0x00000000d56dfc98}> (0x00000000d56dfc98) 
thrown [s\src\hotspot\share\prims\jni.cpp, line 520]
Event: 32.425 Thread 0x000002660f329cd0 Exception <a 'sun/nio/fs/WindowsException'{0x00000000d56e3148}> (0x00000000d56e3148) 
thrown [s\src\hotspot\share\prims\jni.cpp, line 520]
Event: 32.429 Thread 0x000002660f329cd0 Exception <a 'sun/nio/fs/WindowsException'{0x00000000d56e67a0}> (0x00000000d56e67a0) 
thrown [s\src\hotspot\share\prims\jni.cpp, line 520]
Event: 32.432 Thread 0x000002660f329cd0 Exception <a 'sun/nio/fs/WindowsException'{0x00000000d56e9c08}> (0x00000000d56e9c08) 
thrown [s\src\hotspot\share\prims\jni.cpp, line 520]
Event: 32.434 Thread 0x000002660f329cd0 Exception <a 'sun/nio/fs/WindowsException'{0x00000000d56ecdf0}> (0x00000000d56ecdf0) 
thrown [s\src\hotspot\share\prims\jni.cpp, line 520]
Event: 32.436 Thread 0x000002660f329cd0 Exception <a 'sun/nio/fs/WindowsException'{0x00000000d56f0d48}> (0x00000000d56f0d48) 
thrown [s\src\hotspot\share\prims\jni.cpp, line 520]
Event: 32.473 Thread 0x000002660f329cd0 Exception <a 'sun/nio/fs/WindowsException'{0x00000000d56f3e20}> (0x00000000d56f3e20) 
thrown [s\src\hotspot\share\prims\jni.cpp, line 520]
Event: 32.475 Thread 0x000002660f329cd0 Exception <a 'sun/nio/fs/WindowsException'{0x00000000d56f9080}> (0x00000000d56f9080) 
thrown [s\src\hotspot\share\prims\jni.cpp, line 520]
Event: 32.476 Thread 0x000002660f329cd0 Exception <a 'sun/nio/fs/WindowsException'{0x00000000d56fbc20}> (0x00000000d56fbc20) 
thrown [s\src\hotspot\share\prims\jni.cpp, line 520]
Event: 32.477 Thread 0x000002660f329cd0 Exception <a 'sun/nio/fs/WindowsException'{0x00000000d56fe990}> (0x00000000d56fe990) 
thrown [s\src\hotspot\share\prims\jni.cpp, line 520]
Event: 32.478 Thread 0x000002660f329cd0 Exception <a 'sun/nio/fs/WindowsException'{0x00000000d57016e0}> (0x00000000d57016e0) 
thrown [s\src\hotspot\share\prims\jni.cpp, line 520]
Event: 32.479 Thread 0x000002660f329cd0 Exception <a 'sun/nio/fs/WindowsException'{0x00000000d57043d8}> (0x00000000d57043d8) 
thrown [s\src\hotspot\share\prims\jni.cpp, line 520]
Event: 32.481 Thread 0x000002660f329cd0 Exception <a 'sun/nio/fs/WindowsException'{0x00000000d57084d0}> (0x00000000d57084d0) 
thrown [s\src\hotspot\share\prims\jni.cpp, line 520]

ZGC Phase Switch (0 events):
No events

VM Operations (20 events):
Event: 22.294 Executing VM operation: ParallelGCFailedAllocation (Allocation Failure)
Event: 22.330 Executing VM operation: ParallelGCFailedAllocation (Allocation Failure) done
Event: 25.391 Executing VM operation: Cleanup
Event: 25.392 Executing VM operation: Cleanup done
Event: 27.395 Executing VM operation: Cleanup
Event: 27.399 Executing VM operation: Cleanup done
Event: 29.419 Executing VM operation: Cleanup
Event: 29.419 Executing VM operation: Cleanup done
Event: 30.431 Executing VM operation: Cleanup
Event: 30.431 Executing VM operation: Cleanup done
Event: 32.197 Executing VM operation: ParallelGCFailedAllocation (Allocation Failure)
Event: 32.220 Executing VM operation: ParallelGCFailedAllocation (Allocation Failure) done
Event: 33.271 Executing VM operation: Cleanup
Event: 33.285 Executing VM operation: Cleanup done
Event: 33.650 Executing VM operation: HandshakeAllThreads (Deoptimize)
Event: 33.651 Executing VM operation: HandshakeAllThreads (Deoptimize) done
Event: 33.652 Executing VM operation: HandshakeAllThreads (Deoptimize)
Event: 33.652 Executing VM operation: HandshakeAllThreads (Deoptimize) done
Event: 34.663 Executing VM operation: Cleanup
Event: 34.664 Executing VM operation: Cleanup done

Memory protections (0 events):
No events

Nmethod flushes (20 events):
Event: 10.372 Thread 0x00000266068a0090 flushing  nmethod 0x00000265b1304790
Event: 10.372 Thread 0x00000266068a0090 flushing  nmethod 0x00000265b1305090
Event: 10.372 Thread 0x00000266068a0090 flushing  nmethod 0x00000265b1306290
Event: 10.372 Thread 0x00000266068a0090 flushing  nmethod 0x00000265b1306f10
Event: 10.372 Thread 0x00000266068a0090 flushing  nmethod 0x00000265b1308c10
Event: 10.372 Thread 0x00000266068a0090 flushing  nmethod 0x00000265b1309910
Event: 10.372 Thread 0x00000266068a0090 flushing  nmethod 0x00000265b130ae10
Event: 10.372 Thread 0x00000266068a0090 flushing  nmethod 0x00000265b130b290
Event: 10.372 Thread 0x00000266068a0090 flushing  nmethod 0x00000265b130bd10
Event: 10.372 Thread 0x00000266068a0090 flushing  nmethod 0x00000265b1329510
Event: 10.372 Thread 0x00000266068a0090 flushing  nmethod 0x00000265b1351e90
Event: 10.372 Thread 0x00000266068a0090 flushing  nmethod 0x00000265b1352a10
Event: 10.372 Thread 0x00000266068a0090 flushing  nmethod 0x00000265b1399090
Event: 10.372 Thread 0x00000266068a0090 flushing  nmethod 0x00000265b13c4410
Event: 10.372 Thread 0x00000266068a0090 flushing  nmethod 0x00000265b13c6b10
Event: 10.372 Thread 0x00000266068a0090 flushing  nmethod 0x00000265b13db290
Event: 10.372 Thread 0x00000266068a0090 flushing  nmethod 0x00000265b13fbe10
Event: 10.372 Thread 0x00000266068a0090 flushing  nmethod 0x00000265b1435b10
Event: 10.372 Thread 0x00000266068a0090 flushing  nmethod 0x00000265b1435f10
Event: 10.372 Thread 0x00000266068a0090 flushing  nmethod 0x00000265b1449290

Events (20 events):
Event: 10.083 Thread 0x000002660c7805c0 Thread added: 0x000002660ca58060
Event: 10.220 Thread 0x000002660ca586f0 Thread added: 0x000002660f328fb0
Event: 10.409 Thread 0x00000265adaaf930 Thread added: 0x000002660f326850
Event: 10.411 Thread 0x00000265adaaf930 Thread added: 0x000002660f326ee0
Event: 10.411 Thread 0x00000265adaaf930 Thread added: 0x000002660f328290
Event: 10.411 Thread 0x00000265adaaf930 Thread added: 0x000002660f327570
Event: 10.411 Thread 0x00000265adaaf930 Thread added: 0x000002660f327c00
Event: 10.411 Thread 0x00000265adaaf930 Thread added: 0x000002660f328920
Event: 10.412 Thread 0x00000265adaaf930 Thread added: 0x000002660f329640
Event: 10.412 Thread 0x00000265adaaf930 Thread added: 0x000002660f32b080
Event: 10.412 Thread 0x00000265adaaf930 Thread added: 0x000002660f32c430
Event: 10.414 Thread 0x00000265adaaf930 Thread added: 0x000002660f32a9f0
Event: 10.414 Thread 0x00000265adaaf930 Thread added: 0x000002660f3261c0
Event: 10.414 Thread 0x00000265adaaf930 Thread added: 0x000002660f32cac0
Event: 10.414 Thread 0x00000265adaaf930 Thread added: 0x000002660f32a360
Event: 10.452 Thread 0x000002660f328fb0 Thread added: 0x000002660f329cd0
Event: 10.454 Thread 0x00000265adaaf930 Thread added: 0x000002660f32d150
Event: 10.681 Thread 0x00000265adaaf930 Thread added: 0x000002660f32b710
Event: 10.681 Thread 0x00000265adaaf930 Thread added: 0x000002660f32bda0
Event: 13.174 Thread 0x000002660ca56cb0 Thread exited: 0x000002660ca56cb0


Dynamic libraries:
0x00007ff6124a0000 - 0x00007ff6124ae000 	c:\Users\nguye\.vscode\extensions\redhat.java-1.44.0-win32-x64\jre\21.0.8-win32-x86_64\bin\java.exe
0x00007ff9190c0000 - 0x00007ff919323000 	C:\WINDOWS\SYSTEM32\ntdll.dll
0x00007ff918a50000 - 0x00007ff918b17000 	C:\WINDOWS\System32\KERNEL32.DLL
0x00007ff916520000 - 0x00007ff9168e7000 	C:\WINDOWS\System32\KERNELBASE.dll
0x00007ff916990000 - 0x00007ff916adc000 	C:\WINDOWS\System32\ucrtbase.dll
0x00007ff8f1130000 - 0x00007ff8f1148000 	c:\Users\nguye\.vscode\extensions\redhat.java-1.44.0-win32-x64\jre\21.0.8-win32-x86_64\bin\jli.dll
0x00007ff8d2a00000 - 0x00007ff8d2a1e000 	c:\Users\nguye\.vscode\extensions\redhat.java-1.44.0-win32-x64\jre\21.0.8-win32-x86_64\bin\VCRUNTIME140.dll
0x00007ff918860000 - 0x00007ff918a29000 	C:\WINDOWS\System32\USER32.dll
0x00007ff8ff600000 - 0x00007ff8ff890000 	C:\WINDOWS\WinSxS\amd64_microsoft.windows.common-controls_6595b64144ccf1df_6.0.26100.3037_none_3e09262ce333c378\COMCTL32.dll
0x00007ff917de0000 - 0x00007ff917e89000 	C:\WINDOWS\System32\msvcrt.dll
0x00007ff918800000 - 0x00007ff91882a000 	C:\WINDOWS\System32\GDI32.dll
0x00007ff9164f0000 - 0x00007ff916517000 	C:\WINDOWS\System32\win32u.dll
0x00007ff916dd0000 - 0x00007ff916efb000 	C:\WINDOWS\System32\gdi32full.dll
0x00007ff916d20000 - 0x00007ff916dc3000 	C:\WINDOWS\System32\msvcp_win.dll
0x00007ff918140000 - 0x00007ff91816f000 	C:\WINDOWS\System32\IMM32.DLL
0x00007ff90da20000 - 0x00007ff90da2c000 	c:\Users\nguye\.vscode\extensions\redhat.java-1.44.0-win32-x64\jre\21.0.8-win32-x86_64\bin\vcruntime140_1.dll
0x00007ff890680000 - 0x00007ff89070d000 	c:\Users\nguye\.vscode\extensions\redhat.java-1.44.0-win32-x64\jre\21.0.8-win32-x86_64\bin\msvcp140.dll
0x00007ff889700000 - 0x00007ff88a497000 	c:\Users\nguye\.vscode\extensions\redhat.java-1.44.0-win32-x64\jre\21.0.8-win32-x86_64\bin\server\jvm.dll
0x00007ff917780000 - 0x00007ff917834000 	C:\WINDOWS\System32\ADVAPI32.dll
0x00007ff9182e0000 - 0x00007ff918386000 	C:\WINDOWS\System32\sechost.dll
0x00007ff917610000 - 0x00007ff917726000 	C:\WINDOWS\System32\RPCRT4.dll
0x00007ff918030000 - 0x00007ff9180a4000 	C:\WINDOWS\System32\WS2_32.dll
0x00007ff915100000 - 0x00007ff91514e000 	C:\WINDOWS\SYSTEM32\POWRPROF.dll
0x00007ff90d3c0000 - 0x00007ff90d3f6000 	C:\WINDOWS\SYSTEM32\WINMM.dll
0x00007ff90dea0000 - 0x00007ff90deab000 	C:\WINDOWS\SYSTEM32\VERSION.dll
0x00007ff9150e0000 - 0x00007ff9150f4000 	C:\WINDOWS\SYSTEM32\UMPDC.dll
0x00007ff9153a0000 - 0x00007ff9153ba000 	C:\WINDOWS\SYSTEM32\kernel.appcore.dll
0x00007ff90d7e0000 - 0x00007ff90d7ea000 	c:\Users\nguye\.vscode\extensions\redhat.java-1.44.0-win32-x64\jre\21.0.8-win32-x86_64\bin\jimage.dll
0x00007ff913c00000 - 0x00007ff913e41000 	C:\WINDOWS\SYSTEM32\DBGHELP.DLL
0x00007ff918410000 - 0x00007ff91878e000 	C:\WINDOWS\System32\combase.dll
0x00007ff918f20000 - 0x00007ff918ff6000 	C:\WINDOWS\System32\OLEAUT32.dll
0x00007ff8ff9a0000 - 0x00007ff8ff9d9000 	C:\WINDOWS\SYSTEM32\dbgcore.DLL
0x00007ff9168f0000 - 0x00007ff916989000 	C:\WINDOWS\System32\bcryptPrimitives.dll
0x00007ff909950000 - 0x00007ff90995f000 	c:\Users\nguye\.vscode\extensions\redhat.java-1.44.0-win32-x64\jre\21.0.8-win32-x86_64\bin\instrument.dll
0x00007ff8d29e0000 - 0x00007ff8d29ff000 	c:\Users\nguye\.vscode\extensions\redhat.java-1.44.0-win32-x64\jre\21.0.8-win32-x86_64\bin\java.dll
0x00007ff916f00000 - 0x00007ff917604000 	C:\WINDOWS\System32\SHELL32.dll
0x00007ff913e50000 - 0x00007ff914687000 	C:\WINDOWS\SYSTEM32\windows.storage.dll
0x00007ff917cf0000 - 0x00007ff917dd9000 	C:\WINDOWS\System32\SHCORE.dll
0x00007ff9187a0000 - 0x00007ff9187fd000 	C:\WINDOWS\System32\shlwapi.dll
0x00007ff916370000 - 0x00007ff91639e000 	C:\WINDOWS\SYSTEM32\profapi.dll
0x00007ff8d29c0000 - 0x00007ff8d29d8000 	c:\Users\nguye\.vscode\extensions\redhat.java-1.44.0-win32-x64\jre\21.0.8-win32-x86_64\bin\zip.dll
0x00007ff9045e0000 - 0x00007ff9045f0000 	C:\Users\nguye\.vscode\extensions\redhat.java-1.44.0-win32-x64\jre\21.0.8-win32-x86_64\bin\net.dll
0x00007ff90dc50000 - 0x00007ff90dd6e000 	C:\WINDOWS\SYSTEM32\WINHTTP.dll
0x00007ff9158b0000 - 0x00007ff91591a000 	C:\WINDOWS\system32\mswsock.dll
0x00007ff8c7a10000 - 0x00007ff8c7a26000 	C:\Users\nguye\.vscode\extensions\redhat.java-1.44.0-win32-x64\jre\21.0.8-win32-x86_64\bin\nio.dll
0x00007ff903f00000 - 0x00007ff903f10000 	c:\Users\nguye\.vscode\extensions\redhat.java-1.44.0-win32-x64\jre\21.0.8-win32-x86_64\bin\verify.dll
0x00007ff8dd630000 - 0x00007ff8dd675000 	C:\Users\nguye\AppData\Roaming\Code\User\globalStorage\redhat.java\1.44.0\config_win\org.eclipse.equinox.launcher\org.eclipse.equinox.launcher.win32.win32.x86_64_1.2.1400.v20250730-1736\eclipse_11913.dll
0x00007ff917e90000 - 0x00007ff918025000 	C:\WINDOWS\System32\ole32.dll
0x00007ff915b50000 - 0x00007ff915b6c000 	C:\WINDOWS\SYSTEM32\CRYPTSP.dll
0x00007ff915300000 - 0x00007ff915338000 	C:\WINDOWS\system32\rsaenh.dll
0x00007ff915950000 - 0x00007ff91597b000 	C:\WINDOWS\SYSTEM32\USERENV.dll
0x00007ff915d90000 - 0x00007ff915db6000 	C:\WINDOWS\SYSTEM32\bcrypt.dll
0x00007ff915b70000 - 0x00007ff915b7c000 	C:\WINDOWS\SYSTEM32\CRYPTBASE.dll
0x00007ff914d20000 - 0x00007ff914d52000 	C:\WINDOWS\SYSTEM32\IPHLPAPI.DLL
0x00007ff919070000 - 0x00007ff91907a000 	C:\WINDOWS\System32\NSI.dll
0x00007ff8ee420000 - 0x00007ff8ee469000 	C:\Users\nguye\AppData\Local\Temp\jna-104772072\jna12069550317220001352.dll
0x00007ff918a30000 - 0x00007ff918a38000 	C:\WINDOWS\System32\PSAPI.DLL
0x00007ff90d5f0000 - 0x00007ff90d60f000 	C:\WINDOWS\SYSTEM32\dhcpcsvc6.DLL
0x00007ff90d5c0000 - 0x00007ff90d5e5000 	C:\WINDOWS\SYSTEM32\dhcpcsvc.DLL

JVMTI agents:
c:\Users\nguye\.vscode\extensions\redhat.java-1.44.0-win32-x64\lombok\lombok-1.18.39-4050.jar path:c:\Users\nguye\.vscode\extensions\redhat.java-1.44.0-win32-x64\jre\21.0.8-win32-x86_64\bin\instrument.dll, loaded, initialized, instrumentlib options:none

dbghelp: loaded successfully - version: 4.0.5 - missing functions: none
symbol engine: initialized successfully - sym options: 0x614 - pdb path: .;c:\Users\nguye\.vscode\extensions\redhat.java-1.44.0-win32-x64\jre\21.0.8-win32-x86_64\bin;C:\WINDOWS\SYSTEM32;C:\WINDOWS\WinSxS\amd64_microsoft.windows.common-controls_6595b64144ccf1df_6.0.26100.3037_none_3e09262ce333c378;c:\Users\nguye\.vscode\extensions\redhat.java-1.44.0-win32-x64\jre\21.0.8-win32-x86_64\bin\server;C:\Users\nguye\AppData\Roaming\Code\User\globalStorage\redhat.java\1.44.0\config_win\org.eclipse.equinox.launcher\org.eclipse.equinox.launcher.win32.win32.x86_64_1.2.1400.v20250730-1736;C:\Users\nguye\AppData\Local\Temp\jna-104772072

VM Arguments:
jvm_args: --add-modules=ALL-SYSTEM --add-opens=java.base/java.util=ALL-UNNAMED --add-opens=java.base/java.lang=ALL-UNNAMED --add-opens=java.base/sun.nio.fs=ALL-UNNAMED -Declipse.application=org.eclipse.jdt.ls.core.id1 -Dosgi.bundles.defaultStartLevel=4 -Declipse.product=org.eclipse.jdt.ls.core.product -Djava.import.generatesMetadataFilesAtProjectRoot=false -DDetectVMInstallationsJob.disabled=true -Dfile.encoding=utf8 -XX:+UseParallelGC -XX:GCTimeRatio=4 -XX:AdaptiveSizePolicyWeight=90 -Dsun.zip.disableMemoryMapping=true -Xmx2G -Xms100m -Xlog:disable -javaagent:c:\Users\nguye\.vscode\extensions\redhat.java-1.44.0-win32-x64\lombok\lombok-1.18.39-4050.jar -XX:+HeapDumpOnOutOfMemoryError -XX:HeapDumpPath=c:\Users\nguye\AppData\Roaming\Code\User\workspaceStorage\11073d66466687c22ff5678aa78e78cc\redhat.java -Daether.dependencyCollector.impl=bf 
java_command: c:\Users\nguye\.vscode\extensions\redhat.java-1.44.0-win32-x64\server\plugins\org.eclipse.equinox.launcher_1.7.0.v20250519-0528.jar -configuration c:\Users\nguye\AppData\Roaming\Code\User\globalStorage\redhat.java\1.44.0\config_win -data c:\Users\nguye\AppData\Roaming\Code\User\workspaceStorage\11073d66466687c22ff5678aa78e78cc\redhat.java\jdt_ws --pipe=\\.\pipe\lsp-73b5faa04d8124ee27d9531646a4700f-sock
java_class_path (initial): c:\Users\nguye\.vscode\extensions\redhat.java-1.44.0-win32-x64\server\plugins\org.eclipse.equinox.launcher_1.7.0.v20250519-0528.jar
Launcher Type: SUN_STANDARD

[Global flags]
    uintx AdaptiveSizePolicyWeight                 = 90                                        {product} {command line}
     intx CICompilerCount                          = 4                                         {product} {ergonomic}
    uintx GCTimeRatio                              = 4                                         {product} {command line}
     bool HeapDumpOnOutOfMemoryError               = true                                   {manageable} {command line}
    ccstr HeapDumpPath                             = c:\Users\nguye\AppData\Roaming\Code\User\workspaceStorage\11073d66466687c22ff5678aa78e78cc\redhat.java         {manageable} {command line}
   size_t InitialHeapSize                          = 104857600                                 {product} {command line}
   size_t MaxHeapSize                              = 2147483648                                {product} {command line}
   size_t MaxNewSize                               = 715653120                                 {product} {ergonomic}
   size_t MinHeapDeltaBytes                        = 524288                                    {product} {ergonomic}
   size_t MinHeapSize                              = 104857600                                 {product} {command line}
   size_t NewSize                                  = 34603008                                  {product} {ergonomic}
    uintx NonNMethodCodeHeapSize                   = 5839372                                {pd product} {ergonomic}
    uintx NonProfiledCodeHeapSize                  = 122909434                              {pd product} {ergonomic}
   size_t OldSize                                  = 70254592                                  {product} {ergonomic}
    uintx ProfiledCodeHeapSize                     = 122909434                              {pd product} {ergonomic}
    uintx ReservedCodeCacheSize                    = 251658240                              {pd product} {ergonomic}
     bool SegmentedCodeCache                       = true                                      {product} {ergonomic}
   size_t SoftMaxHeapSize                          = 2147483648                             {manageable} {ergonomic}
     bool UseCompressedOops                        = true                           {product lp64_product} {ergonomic}
     bool UseLargePagesIndividualAllocation        = false                                  {pd product} {ergonomic}
     bool UseParallelGC                            = true                                      {product} {command line}

Logging:
Log output configuration:
 #0: stdout all=off uptime,level,tags foldmultilines=false
 #1: stderr all=off uptime,level,tags foldmultilines=false

Environment Variables:
JAVA_HOME=C:\Program Files\Eclipse Adoptium\jdk-21.0.4.7-hotspot
PATH=C:\Program Files (x86)\VMware\VMware Workstation\bin\;C:\Program Files\Scripts\;C:\Program Files\Eclipse Adoptium\jdk-21.0.4.7-hotspot\bin;C:\Program Files\Eclipse Adoptium\jdk-21.0.4.7-hotspot\bin;C:\Program Files\Common Files\Oracle\Java\javapath;C:\Program Files\Microsoft\jdk-17.0.10.7-hotspot\bin;C:\Program Files\OpenLogic\jdk-21.0.3.1-hotspot\bin;C:\Windows\system32;C:\Windows;C:\Windows\System32\Wbem;C:\Windows\System32\WindowsPowerShell\v1.0\;C:\Windows\System32\OpenSSH\;C:\ProgramData\chocolatey\bin;C:\platform-tools-latest-windows\platform-tools;C:\Users\nguye\AppData\Local\Microsoft\WindowsApps;C:\Users\nguye\AppData\Local\Programs\Microsoft VS Code\bin;C:\Users\nguye\AppData\Local\Android\sdk\platform-tools;C:\adb;C:\Program Files\Git\cmd;C:\Users\nguye\AppData\Local\Pub\Cache\bin;C:\Program Files (x86)\Microsoft SQL Server\160\DTS\Binn\;C:\Program Files (x86)\Microsoft SQL Server\160\Tools\Binn\;C:\Program Files\Microsoft SQL Server\160\Tools\Binn\;C:\Program Files\Microsoft SQL Server\Client SDK\ODBC\170\Tools\Binn\;C:\Program Files\Microsoft SQL Server\160\DTS\Binn\;C:\Users\nguye\AppData\Local\Programs\Python\Python312\Scripts;C:\WINDOWS\system32;C:\WINDOWS;C:\WINDOWS\System32\Wbem;C:\WINDOWS\System32\WindowsPowerShell\v1.0\;C:\WINDOWS\System32\OpenSSH\;C:\Users\nguye\AppData\Local\nvm;C:\Scripts;C:\Users\nguye\AppData\Roaming\Python\Python313\Scripts;C:\Program Files\MySQL\MySQL Server 9.2\bin;c:\Users\nguye\AppData\Local\Programs\cursor\resources\app\bin;C:\kotlin-compiler-2.1.21\kotlinc\bin\kotlinc;C:\Users\nguye\Downloads\kotlin-compiler-2.1.20-RC2\kotlinc\bin;C:\Program Files\nodejs\;C:\Program Files\nodejs\node_modules\npm\bin;C:\Program Files\Docker\Docker\resources\bin;C:\apache-maven-3.9.11-bin\apache-maven-3.9.11\bin;C:\Program Files\MySQL\MySQL Shell 8.0\bin\;C:\Users\nguye\AppData\Local\Programs\Python\Launcher\;C:\Users\nguye\AppData\Local\Microsoft\WindowsApps;C:\Users\nguye\AppData\Local\Programs\Microsoft VS Code\bin;C:\Users\nguye\AppData\Local\Android\sdk\platform-tools;C:\Users\nguye\AppData\Local\Dart_SDK\dartsdk-windows-x64-release\dart-sdk\bin;C:\Users\nguye\AppData\Local\Flutter_SDK\flutter_windows_3.22.2-stable\flutter\bin;C:\Users\nguye\AppData\Local\Pub\Cache\bin;C:\Users\nguye\AppData\Local\nvm;C:\nvm4w\nodejs;C:\Scripts;C:\Program Files\JetBrains\PyCharm 2024.3.5\bin;;C:\Users\nguye\AppData\Local\Packages\PythonSoftwareFoundation.Python.3.12_qbz5n2kfra8p0\LocalCache\local-packages\Python312\Scripts;C:\kotlin-compiler-2.1.21\kotlinc\bin\kotlinc;C:\Users\nguye\Downloads\kotlin-compiler-2.1.20-RC2\kotlinc\bin;C:\Program Files\nodejs\node_modules\npm\bin;C:\Users\nguye\AppData\Roaming\npm;C:\Program Files\nodejs\;C:\Program Files\nodejs\node_modules\npm\bin;C:\Users\nguye\AppData\Local\Programs\cursor\resources\app\bin;C:\apache-maven-3.9.11-bin\apache-maven-3.9.11\bin;;C:\Program Files\JetBrains\IntelliJ IDEA 2025.1.3\bin;
USERNAME=nguye
OS=Windows_NT
PROCESSOR_IDENTIFIER=AMD64 Family 23 Model 104 Stepping 1, AuthenticAMD
TMP=C:\Users\nguye\AppData\Local\Temp
TEMP=C:\Users\nguye\AppData\Local\Temp




Periodic native trim disabled

---------------  S Y S T E M  ---------------

OS:
 Windows 11 , 64 bit Build 26100 (10.0.26100.3037)
OS uptime: 12 days 13:22 hours
Hyper-V role detected

CPU: total 12 (initial active 12) (12 cores per cpu, 2 threads per core) family 23 model 104 stepping 1 microcode 0x8608104, cx8, cmov, fxsr, ht, mmx, 3dnowpref, sse, sse2, sse3, ssse3, sse4a, sse4.1, sse4.2, popcnt, lzcnt, tsc, tscinvbit, avx, avx2, aes, clmul, bmi1, bmi2, adx, sha, fma, vzeroupper, clflush, clflushopt, hv, rdtscp, rdpid, f16c
Processor Information for processor 0
  Max Mhz: 2100, Current Mhz: 1988, Mhz Limit: 2100
Processor Information for processor 1
  Max Mhz: 2100, Current Mhz: 1988, Mhz Limit: 2100
Processor Information for processor 2
  Max Mhz: 2100, Current Mhz: 2100, Mhz Limit: 2100
Processor Information for processor 3
  Max Mhz: 2100, Current Mhz: 2100, Mhz Limit: 2100
Processor Information for processor 4
  Max Mhz: 2100, Current Mhz: 2100, Mhz Limit: 2100
Processor Information for processor 5
  Max Mhz: 2100, Current Mhz: 2100, Mhz Limit: 2100
Processor Information for processor 6
  Max Mhz: 2100, Current Mhz: 2100, Mhz Limit: 2100
Processor Information for processor 7
  Max Mhz: 2100, Current Mhz: 2100, Mhz Limit: 2100
Processor Information for processor 8
  Max Mhz: 2100, Current Mhz: 1988, Mhz Limit: 2100
Processor Information for processor 9
  Max Mhz: 2100, Current Mhz: 1988, Mhz Limit: 2100
Processor Information for processor 10
  Max Mhz: 2100, Current Mhz: 1988, Mhz Limit: 2100
Processor Information for processor 11
  Max Mhz: 2100, Current Mhz: 1988, Mhz Limit: 2100

Memory: 4k page, system-wide physical 7561M (10M free)
TotalPageFile size 31113M (AvailPageFile size 3M)
current process WorkingSet (physical memory assigned to process): 17M, peak: 198M
current process commit charge ("private bytes"): 322M, peak: 333M

vm_info: OpenJDK 64-Bit Server VM (21.0.8+9-LTS) for windows-amd64 JRE (21.0.8+9-LTS), built on 2025-07-15T00:00:00Z by "admin" with MS VC++ 17.7 (VS2022)

END.
